<?xml version="1.0" encoding="UTF-8"?>
<testsuite xmlns:xsi="http://www.w3.org/2001/XMLSchema-instance" xsi:noNamespaceSchemaLocation="https://maven.apache.org/surefire/maven-surefire-plugin/xsd/surefire-test-report-3.0.xsd" version="3.0" name="hellocucumber.RunCucumberTest" time="0.314" tests="12" errors="0" skipped="0" failures="0">
  <properties>
[...]
</properties>
  <testcase name="Example #1" classname="Examples" time="0.089">
    <system-out><![CDATA[
Scenario Outline: Test if the buffer creted has the same elements as Its capacity has &amp#27;[90m# hellocucumber/buffer.feature:12&amp#27;[0m
  &amp#27;[32mGiven &amp#27;[0m&amp#27;[32mIts capacity &amp#27;[0m&amp#27;[32m&amp#27;[1m5&amp#27;[0m                                                                &amp#27;[90m# hellocucumber.StepDefinitions.its_capacity(java.lang.Integer)&amp#27;[0m
  &amp#27;[32mWhen &amp#27;[0m&amp#27;[32mI create a Buffer&amp#27;[0m                                                              &amp#27;[90m# hellocucumber.StepDefinitions.i_create_a_buffer()&amp#27;[0m
  &amp#27;[32mAnd &amp#27;[0m&amp#27;[32mI fill the Buffer&amp#27;[0m                                                               &amp#27;[90m# hellocucumber.StepDefinitions.i_fill_the_buffer()&amp#27;[0m
  &amp#27;[32mThen &amp#27;[0m&amp#27;[32mthe Buffer will have &amp#27;[0m&amp#27;[32m&amp#27;[1m5&amp#27;[0m&amp#27;[32m elements&amp#27;[0m                                                &amp#27;[90m# hellocucumber.StepDefinitions.the_buffer_will_have_elements(java.lang.Integer)&amp#27;[0m
]]></system-out>
  </testcase>
  <testcase name="Example #1" classname="Examples" time="0.008">
    <system-out><![CDATA[
Scenario: Test if the capacity given is negative or zero it throws an exception &amp#27;[90m# hellocucumber/buffer.feature:23&amp#27;[0m
  &amp#27;[32mGiven &amp#27;[0m&amp#27;[32mIts capacity &amp#27;[0m&amp#27;[32m&amp#27;[1m0&amp#27;[0m                                                          &amp#27;[90m# hellocucumber.StepDefinitions.its_capacity(java.lang.Integer)&amp#27;[0m
  &amp#27;[32mWhen &amp#27;[0m&amp#27;[32mThe capacity is < zero&amp#27;[0m                                                   &amp#27;[90m# hellocucumber.StepDefinitions.the_capacity_is_zero()&amp#27;[0m
  &amp#27;[32mThen &amp#27;[0m&amp#27;[32mtest should thrown an IllegalArgumentException&amp#27;[0m                           &amp#27;[90m# hellocucumber.StepDefinitions.test_should_thrown_an_illegal_argument_exception()&amp#27;[0m
]]></system-out>
  </testcase>
  <testcase name="Example #1" classname="Examples" time="0.008">
    <system-out><![CDATA[
Scenario Outline: Test if the capacity reduces by one when I remove the head of the buffer &amp#27;[90m# hellocucumber/buffer.feature:36&amp#27;[0m
  &amp#27;[32mGiven &amp#27;[0m&amp#27;[32mIts capacity &amp#27;[0m&amp#27;[32m&amp#27;[1m5&amp#27;[0m                                                                     &amp#27;[90m# hellocucumber.StepDefinitions.its_capacity(java.lang.Integer)&amp#27;[0m
  &amp#27;[32mWhen &amp#27;[0m&amp#27;[32mI create a Buffer&amp#27;[0m                                                                   &amp#27;[90m# hellocucumber.StepDefinitions.i_create_a_buffer()&amp#27;[0m
  &amp#27;[32mAnd &amp#27;[0m&amp#27;[32mI fill the Buffer&amp#27;[0m                                                                    &amp#27;[90m# hellocucumber.StepDefinitions.i_fill_the_buffer()&amp#27;[0m
  &amp#27;[32mAnd &amp#27;[0m&amp#27;[32mI remove the Head of the buffer&amp#27;[0m                                                      &amp#27;[90m# hellocucumber.StepDefinitions.i_remove_the_head_of_the_buffer()&amp#27;[0m
  &amp#27;[32mThen &amp#27;[0m&amp#27;[32mthe Buffer will have &amp#27;[0m&amp#27;[32m&amp#27;[1m5&amp#27;[0m&amp#27;[32m elements minus one&amp#27;[0m                                           &amp#27;[90m# hellocucumber.StepDefinitions.the_buffer_will_have_elements_minus_one(java.lang.Integer)&amp#27;[0m
]]></system-out>
  </testcase>
  <testcase name="Example #1" classname="Examples" time="0.006">
    <system-out><![CDATA[
Scenario: Test if adding an element in a full buffer throws an exception &amp#27;[90m# hellocucumber/buffer.feature:48&amp#27;[0m
  &amp#27;[32mGiven &amp#27;[0m&amp#27;[32mIts capacity &amp#27;[0m&amp#27;[32m&amp#27;[1m10&amp#27;[0m                                                  &amp#27;[90m# hellocucumber.StepDefinitions.its_capacity(java.lang.Integer)&amp#27;[0m
  &amp#27;[32mWhen &amp#27;[0m&amp#27;[32mI create a Buffer&amp#27;[0m                                                 &amp#27;[90m# hellocucumber.StepDefinitions.i_create_a_buffer()&amp#27;[0m
  &amp#27;[32mAnd &amp#27;[0m&amp#27;[32mBuffer is full and I add one more element&amp#27;[0m                          &amp#27;[90m# hellocucumber.StepDefinitions.buffer_is_full_and_i_add_one_more_element()&amp#27;[0m
  &amp#27;[32mThen &amp#27;[0m&amp#27;[32mtest should thrown an IllegalStateException&amp#27;[0m                       &amp#27;[90m# hellocucumber.StepDefinitions.test_should_thrown_an_illegal_state_exception()&amp#27;[0m
]]></system-out>
  </testcase>
  <testcase name="Example #1" classname="Examples" time="0.008">
    <system-out><![CDATA[
Scenario: Test if removing an element in a empty buffer throws an exception &amp#27;[90m# hellocucumber/buffer.feature:59&amp#27;[0m
  &amp#27;[32mGiven &amp#27;[0m&amp#27;[32mIts capacity &amp#27;[0m&amp#27;[32m&amp#27;[1m10&amp#27;[0m                                                     &amp#27;[90m# hellocucumber.StepDefinitions.its_capacity(java.lang.Integer)&amp#27;[0m
  &amp#27;[32mWhen &amp#27;[0m&amp#27;[32mI create a Buffer&amp#27;[0m                                                    &amp#27;[90m# hellocucumber.StepDefinitions.i_create_a_buffer()&amp#27;[0m
  &amp#27;[32mAnd &amp#27;[0m&amp#27;[32mBuffer is empty and I remove the Head&amp#27;[0m                                 &amp#27;[90m# hellocucumber.StepDefinitions.buffer_is_empty_and_i_remove_the_head()&amp#27;[0m
  &amp#27;[32mThen &amp#27;[0m&amp#27;[32mtest should thrown an IllegalStateException&amp#27;[0m                          &amp#27;[90m# hellocucumber.StepDefinitions.test_should_thrown_an_illegal_state_exception()&amp#27;[0m
]]></system-out>
  </testcase>
  <testcase name="Example #2" classname="Examples" time="0.012">
    <system-out><![CDATA[
Scenario Outline: Test if the buffer creted has the same elements as Its capacity has &amp#27;[90m# hellocucumber/buffer.feature:13&amp#27;[0m
  &amp#27;[32mGiven &amp#27;[0m&amp#27;[32mIts capacity &amp#27;[0m&amp#27;[32m&amp#27;[1m10&amp#27;[0m                                                               &amp#27;[90m# hellocucumber.StepDefinitions.its_capacity(java.lang.Integer)&amp#27;[0m
  &amp#27;[32mWhen &amp#27;[0m&amp#27;[32mI create a Buffer&amp#27;[0m                                                              &amp#27;[90m# hellocucumber.StepDefinitions.i_create_a_buffer()&amp#27;[0m
  &amp#27;[32mAnd &amp#27;[0m&amp#27;[32mI fill the Buffer&amp#27;[0m                                                               &amp#27;[90m# hellocucumber.StepDefinitions.i_fill_the_buffer()&amp#27;[0m
  &amp#27;[32mThen &amp#27;[0m&amp#27;[32mthe Buffer will have &amp#27;[0m&amp#27;[32m&amp#27;[1m10&amp#27;[0m&amp#27;[32m elements&amp#27;[0m                                               &amp#27;[90m# hellocucumber.StepDefinitions.the_buffer_will_have_elements(java.lang.Integer)&amp#27;[0m
]]></system-out>
  </testcase>
  <testcase name="Example #2" classname="Examples" time="0.006">
    <system-out><![CDATA[
Scenario: Test if the capacity given is negative or zero it throws an exception &amp#27;[90m# hellocucumber/buffer.feature:24&amp#27;[0m
  &amp#27;[32mGiven &amp#27;[0m&amp#27;[32mIts capacity &amp#27;[0m&amp#27;[32m&amp#27;[1m-300&amp#27;[0m                                                       &amp#27;[90m# hellocucumber.StepDefinitions.its_capacity(java.lang.Integer)&amp#27;[0m
  &amp#27;[32mWhen &amp#27;[0m&amp#27;[32mThe capacity is < zero&amp#27;[0m                                                   &amp#27;[90m# hellocucumber.StepDefinitions.the_capacity_is_zero()&amp#27;[0m
  &amp#27;[32mThen &amp#27;[0m&amp#27;[32mtest should thrown an IllegalArgumentException&amp#27;[0m                           &amp#27;[90m# hellocucumber.StepDefinitions.test_should_thrown_an_illegal_argument_exception()&amp#27;[0m
]]></system-out>
  </testcase>
  <testcase name="Example #2" classname="Examples" time="0.009">
    <system-out><![CDATA[
Scenario Outline: Test if the capacity reduces by one when I remove the head of the buffer &amp#27;[90m# hellocucumber/buffer.feature:37&amp#27;[0m
  &amp#27;[32mGiven &amp#27;[0m&amp#27;[32mIts capacity &amp#27;[0m&amp#27;[32m&amp#27;[1m10&amp#27;[0m                                                                    &amp#27;[90m# hellocucumber.StepDefinitions.its_capacity(java.lang.Integer)&amp#27;[0m
  &amp#27;[32mWhen &amp#27;[0m&amp#27;[32mI create a Buffer&amp#27;[0m                                                                   &amp#27;[90m# hellocucumber.StepDefinitions.i_create_a_buffer()&amp#27;[0m
  &amp#27;[32mAnd &amp#27;[0m&amp#27;[32mI fill the Buffer&amp#27;[0m                                                                    &amp#27;[90m# hellocucumber.StepDefinitions.i_fill_the_buffer()&amp#27;[0m
  &amp#27;[32mAnd &amp#27;[0m&amp#27;[32mI remove the Head of the buffer&amp#27;[0m                                                      &amp#27;[90m# hellocucumber.StepDefinitions.i_remove_the_head_of_the_buffer()&amp#27;[0m
  &amp#27;[32mThen &amp#27;[0m&amp#27;[32mthe Buffer will have &amp#27;[0m&amp#27;[32m&amp#27;[1m10&amp#27;[0m&amp#27;[32m elements minus one&amp#27;[0m                                          &amp#27;[90m# hellocucumber.StepDefinitions.the_buffer_will_have_elements_minus_one(java.lang.Integer)&amp#27;[0m
]]></system-out>
  </testcase>
  <testcase name="Example #2" classname="Examples" time="0.008">
    <system-out><![CDATA[
Scenario: Test if adding an element in a full buffer throws an exception &amp#27;[90m# hellocucumber/buffer.feature:49&amp#27;[0m
  &amp#27;[32mGiven &amp#27;[0m&amp#27;[32mIts capacity &amp#27;[0m&amp#27;[32m&amp#27;[1m2000&amp#27;[0m                                                &amp#27;[90m# hellocucumber.StepDefinitions.its_capacity(java.lang.Integer)&amp#27;[0m
  &amp#27;[32mWhen &amp#27;[0m&amp#27;[32mI create a Buffer&amp#27;[0m                                                 &amp#27;[90m# hellocucumber.StepDefinitions.i_create_a_buffer()&amp#27;[0m
  &amp#27;[32mAnd &amp#27;[0m&amp#27;[32mBuffer is full and I add one more element&amp#27;[0m                          &amp#27;[90m# hellocucumber.StepDefinitions.buffer_is_full_and_i_add_one_more_element()&amp#27;[0m
  &amp#27;[32mThen &amp#27;[0m&amp#27;[32mtest should thrown an IllegalStateException&amp#27;[0m                       &amp#27;[90m# hellocucumber.StepDefinitions.test_should_thrown_an_illegal_state_exception()&amp#27;[0m
]]></system-out>
  </testcase>
  <testcase name="Example #2" classname="Examples" time="0.008">
    <system-out><![CDATA[
Scenario: Test if removing an element in a empty buffer throws an exception &amp#27;[90m# hellocucumber/buffer.feature:60&amp#27;[0m
  &amp#27;[32mGiven &amp#27;[0m&amp#27;[32mIts capacity &amp#27;[0m&amp#27;[32m&amp#27;[1m2000&amp#27;[0m                                                   &amp#27;[90m# hellocucumber.StepDefinitions.its_capacity(java.lang.Integer)&amp#27;[0m
  &amp#27;[32mWhen &amp#27;[0m&amp#27;[32mI create a Buffer&amp#27;[0m                                                    &amp#27;[90m# hellocucumber.StepDefinitions.i_create_a_buffer()&amp#27;[0m
  &amp#27;[32mAnd &amp#27;[0m&amp#27;[32mBuffer is empty and I remove the Head&amp#27;[0m                                 &amp#27;[90m# hellocucumber.StepDefinitions.buffer_is_empty_and_i_remove_the_head()&amp#27;[0m
  &amp#27;[32mThen &amp#27;[0m&amp#27;[32mtest should thrown an IllegalStateException&amp#27;[0m                          &amp#27;[90m# hellocucumber.StepDefinitions.test_should_thrown_an_illegal_state_exception()&amp#27;[0m
]]></system-out>
  </testcase>
  <testcase name="Example #3" classname="Examples" time="0.008">
    <system-out><![CDATA[
Scenario Outline: Test if the buffer creted has the same elements as Its capacity has &amp#27;[90m# hellocucumber/buffer.feature:14&amp#27;[0m
  &amp#27;[32mGiven &amp#27;[0m&amp#27;[32mIts capacity &amp#27;[0m&amp#27;[32m&amp#27;[1m2000&amp#27;[0m                                                             &amp#27;[90m# hellocucumber.StepDefinitions.its_capacity(java.lang.Integer)&amp#27;[0m
  &amp#27;[32mWhen &amp#27;[0m&amp#27;[32mI create a Buffer&amp#27;[0m                                                              &amp#27;[90m# hellocucumber.StepDefinitions.i_create_a_buffer()&amp#27;[0m
  &amp#27;[32mAnd &amp#27;[0m&amp#27;[32mI fill the Buffer&amp#27;[0m                                                               &amp#27;[90m# hellocucumber.StepDefinitions.i_fill_the_buffer()&amp#27;[0m
  &amp#27;[32mThen &amp#27;[0m&amp#27;[32mthe Buffer will have &amp#27;[0m&amp#27;[32m&amp#27;[1m2000&amp#27;[0m&amp#27;[32m elements&amp#27;[0m                                             &amp#27;[90m# hellocucumber.StepDefinitions.the_buffer_will_have_elements(java.lang.Integer)&amp#27;[0m
]]></system-out>
  </testcase>
  <testcase name="Example #3" classname="Examples" time="0.008">
    <system-out><![CDATA[
Scenario Outline: Test if the capacity reduces by one when I remove the head of the buffer &amp#27;[90m# hellocucumber/buffer.feature:38&amp#27;[0m
  &amp#27;[32mGiven &amp#27;[0m&amp#27;[32mIts capacity &amp#27;[0m&amp#27;[32m&amp#27;[1m2000&amp#27;[0m                                                                  &amp#27;[90m# hellocucumber.StepDefinitions.its_capacity(java.lang.Integer)&amp#27;[0m
  &amp#27;[32mWhen &amp#27;[0m&amp#27;[32mI create a Buffer&amp#27;[0m                                                                   &amp#27;[90m# hellocucumber.StepDefinitions.i_create_a_buffer()&amp#27;[0m
  &amp#27;[32mAnd &amp#27;[0m&amp#27;[32mI fill the Buffer&amp#27;[0m                                                                    &amp#27;[90m# hellocucumber.StepDefinitions.i_fill_the_buffer()&amp#27;[0m
  &amp#27;[32mAnd &amp#27;[0m&amp#27;[32mI remove the Head of the buffer&amp#27;[0m                                                      &amp#27;[90m# hellocucumber.StepDefinitions.i_remove_the_head_of_the_buffer()&amp#27;[0m
  &amp#27;[32mThen &amp#27;[0m&amp#27;[32mthe Buffer will have &amp#27;[0m&amp#27;[32m&amp#27;[1m2000&amp#27;[0m&amp#27;[32m elements minus one&amp#27;[0m                                        &amp#27;[90m# hellocucumber.StepDefinitions.the_buffer_will_have_elements_minus_one(java.lang.Integer)&amp#27;[0m
]]></system-out>
  </testcase>
</testsuite>